<?xml version="1.0" encoding="UTF-8"?>
<testng-results skipped="0" failed="0" total="2" passed="2">
  <reporter-output>
  </reporter-output>
  <suite name="Suite" duration-ms="24365" started-at="2020-06-20T19:06:48Z" finished-at="2020-06-20T19:07:12Z">
    <groups>
    </groups>
    <test name="Test" duration-ms="24365" started-at="2020-06-20T19:06:48Z" finished-at="2020-06-20T19:07:12Z">
      <class name="com.absa.qa.test.AddUserTest">
        <test-method status="PASS" signature="Next()[pri:0, instance:com.absa.qa.test.AddUserTest@ae45eb6]" name="Next" is-config="true" duration-ms="10138" started-at="2020-06-20T21:06:49Z" finished-at="2020-06-20T21:06:59Z">
          <reporter-output>
          </reporter-output>
        </test-method> <!-- Next -->
        <test-method status="PASS" signature="newAddUser1(java.lang.String, java.lang.String, java.lang.String, java.lang.String, java.lang.String, java.lang.String, java.lang.String, java.lang.String)[pri:0, instance:com.absa.qa.test.AddUserTest@ae45eb6]" name="newAddUser1" duration-ms="1943" started-at="2020-06-20T21:06:59Z" data-provider="getATestData" finished-at="2020-06-20T21:07:01Z">
          <params>
            <param index="0">
              <value>
                <![CDATA[FName3]]>
              </value>
            </param>
            <param index="1">
              <value>
                <![CDATA[LName3]]>
              </value>
            </param>
            <param index="2">
              <value>
                <![CDATA[User3]]>
              </value>
            </param>
            <param index="3">
              <value>
                <![CDATA[Pass3]]>
              </value>
            </param>
            <param index="4">
              <value>
                <![CDATA[Company AAA]]>
              </value>
            </param>
            <param index="5">
              <value>
                <![CDATA[Admin]]>
              </value>
            </param>
            <param index="6">
              <value>
                <![CDATA[admin@gmail.com]]>
              </value>
            </param>
            <param index="7">
              <value>
                <![CDATA[82555]]>
              </value>
            </param>
          </params>
          <reporter-output>
          </reporter-output>
        </test-method> <!-- newAddUser1 -->
        <test-method status="PASS" signature="close()[pri:0, instance:com.absa.qa.test.AddUserTest@ae45eb6]" name="close" is-config="true" duration-ms="159" started-at="2020-06-20T21:07:01Z" finished-at="2020-06-20T21:07:01Z">
          <reporter-output>
          </reporter-output>
        </test-method> <!-- close -->
        <test-method status="PASS" signature="Next()[pri:0, instance:com.absa.qa.test.AddUserTest@ae45eb6]" name="Next" is-config="true" duration-ms="9276" started-at="2020-06-20T21:07:01Z" finished-at="2020-06-20T21:07:10Z">
          <reporter-output>
          </reporter-output>
        </test-method> <!-- Next -->
        <test-method status="PASS" signature="newAddUser1(java.lang.String, java.lang.String, java.lang.String, java.lang.String, java.lang.String, java.lang.String, java.lang.String, java.lang.String)[pri:0, instance:com.absa.qa.test.AddUserTest@ae45eb6]" name="newAddUser1" duration-ms="1900" started-at="2020-06-20T21:07:10Z" data-provider="getATestData" finished-at="2020-06-20T21:07:12Z">
          <params>
            <param index="0">
              <value>
                <![CDATA[FName4]]>
              </value>
            </param>
            <param index="1">
              <value>
                <![CDATA[LName4]]>
              </value>
            </param>
            <param index="2">
              <value>
                <![CDATA[User4]]>
              </value>
            </param>
            <param index="3">
              <value>
                <![CDATA[Pass4]]>
              </value>
            </param>
            <param index="4">
              <value>
                <![CDATA[Company BBB]]>
              </value>
            </param>
            <param index="5">
              <value>
                <![CDATA[Customer]]>
              </value>
            </param>
            <param index="6">
              <value>
                <![CDATA[customer@gmail.com]]>
              </value>
            </param>
            <param index="7">
              <value>
                <![CDATA[83444]]>
              </value>
            </param>
          </params>
          <reporter-output>
          </reporter-output>
        </test-method> <!-- newAddUser1 -->
        <test-method status="PASS" signature="close()[pri:0, instance:com.absa.qa.test.AddUserTest@ae45eb6]" name="close" is-config="true" duration-ms="172" started-at="2020-06-20T21:07:12Z" finished-at="2020-06-20T21:07:12Z">
          <reporter-output>
          </reporter-output>
        </test-method> <!-- close -->
      </class> <!-- com.absa.qa.test.AddUserTest -->
    </test> <!-- Test -->
  </suite> <!-- Suite -->
</testng-results>
